Arguments: 
  /Users/Brockmann/.nvm/versions/node/v8.11.1/bin/node /usr/local/Cellar/yarn/1.5.1/libexec/bin/yarn.js start

PATH: 
  /Users/Brockmann/Downloads/google-cloud-sdk/bin:/usr/local/php5/bin:/Users/Brockmann/.nvm/versions/node/v8.11.1/bin:/Users/Brockmann/.rvm/gems/ruby-2.0.0-p648/bin:/Users/Brockmann/.rvm/gems/ruby-2.0.0-p648@global/bin:/Users/Brockmann/.rvm/rubies/ruby-2.0.0-p648/bin:/Library/Frameworks/Python.framework/Versions/3.6/bin:/Library/Frameworks/Python.framework/Versions/3.6/bin:/Users/Brockmann/anaconda/bin:/usr/bin:/bin:/usr/sbin:/sbin:/usr/local/bin:/usr/X11/bin:/Applications/XAMPP/bin:/opt/apache-maven-3.3.9/bin:/usr/local/bin:/usr/bin:/bin:/usr/sbin:/sbin:/opt/X11/bin:/Users/Brockmann/Downloads/google-cloud-sdk/bin:/usr/local/php5/bin:/Users/Brockmann/.rvm/gems/ruby-2.0.0-p648/bin:/Users/Brockmann/.rvm/gems/ruby-2.0.0-p648@global/bin:/Users/Brockmann/.rvm/rubies/ruby-2.0.0-p648/bin:/Library/Frameworks/Python.framework/Versions/3.6/bin:/Users/Brockmann/anaconda/bin:/usr/X11/bin:/Applications/XAMPP/bin:/opt/apache-maven-3.3.9/bin:/Users/Brockmann/.rvm/bin:/Users/Brockmann/.rvm/bin

Yarn version: 
  1.5.1

Node version: 
  8.11.1

Platform: 
  darwin x64

npm manifest: 
  No manifest

yarn manifest: 
  No manifest

Lockfile: 
  No lockfile

Trace: 
  Error: Couldn't find a package.json file in "/Users/Brockmann/Library/Mobile Documents/com~apple~CloudDocs/sBrockmann/SourceCode/WebstormProjects/Udacity/ReactNanodegree/readable/reactnd-project-readable-starter"
      at new MessageError (/usr/local/Cellar/yarn/1.5.1/libexec/lib/cli.js:186:110)
      at /usr/local/Cellar/yarn/1.5.1/libexec/lib/cli.js:40048:15
      at Generator.next (<anonymous>)
      at step (/usr/local/Cellar/yarn/1.5.1/libexec/lib/cli.js:98:30)
      at /usr/local/Cellar/yarn/1.5.1/libexec/lib/cli.js:109:13
      at <anonymous>
